<?xml version="1.0" encoding="UTF-8"?>
<!-- Generated by org.testng.reporters.JUnitReportReporter -->
<testsuite skipped="4" hostname="CMLPT362" name="Runner.EquipmentOrder_TestCases" tests="5" failures="0" timestamp="2020-07-15T10:55:16 IST" time="16.968" errors="0">
  <testcase name="createEqpOrder" time="16.968" classname="Runner.EquipmentOrder_TestCases"/>
  <system-out/>
  <testcase name="getOrderDetails" classname="Runner.EquipmentOrder_TestCases">
    <skipped/>
  </testcase> <!-- getOrderDetails -->
  <system-out/>
  <testcase name="listOfEO" classname="Runner.EquipmentOrder_TestCases">
    <skipped/>
  </testcase> <!-- listOfEO -->
  <system-out/>
  <testcase name="cancelEO" classname="Runner.EquipmentOrder_TestCases">
    <skipped/>
  </testcase> <!-- cancelEO -->
  <system-out/>
  <testcase name="editEqpOrder" classname="Runner.EquipmentOrder_TestCases">
    <skipped/>
  </testcase> <!-- editEqpOrder -->
  <system-out/>
</testsuite> <!-- Runner.EquipmentOrder_TestCases -->
